<?xml version="1.0" encoding="UTF-8"?>
<testsuite xmlns:xsi="http://www.w3.org/2001/XMLSchema-instance" xsi:noNamespaceSchemaLocation="https://maven.apache.org/surefire/maven-surefire-plugin/xsd/surefire-test-report-3.0.xsd" version="3.0" name="com.github.mahdim1000.exception_handing.ExceptionHandingApplicationTests" time="1.357" tests="1" errors="0" skipped="0" failures="0">
  <properties>
[...]
</properties>
  <testcase name="contextLoads" classname="com.github.mahdim1000.exception_handing.ExceptionHandingApplicationTests" time="0.385">
    <system-out><![CDATA[05:08:49.484 [main] INFO org.springframework.test.context.support.AnnotationConfigContextLoaderUtils -- Could not detect default configuration classes for test class [com.github.mahdim1000.exception_handing.ExceptionHandingApplicationTests]: ExceptionHandingApplicationTests does not declare any static, non-private, non-final, nested classes annotated with @Configuration.
05:08:49.537 [main] INFO org.springframework.boot.test.context.SpringBootTestContextBootstrapper -- Found @SpringBootConfiguration com.github.mahdim1000.exception_handing.ExceptionHandingApplication for test class com.github.mahdim1000.exception_handing.ExceptionHandingApplicationTests

  .   ____          _            __ _ _
 /\\ / ___'_ __ _ _(_)_ __  __ _ \ \ \ \
( ( )\___ | '_ | '_| | '_ \/ _` | \ \ \ \
 \\/  ___)| |_)| | | | | || (_| |  ) ) ) )
  '  |____| .__|_| |_|_| |_\__, | / / / /
 =========|_|==============|___/=/_/_/_/

 :: Spring Boot ::                (v3.5.5)

2025-08-24T05:08:49.750+03:30  INFO 406693 --- [           main] c.g.m.e.ExceptionHandingApplicationTests : Starting ExceptionHandingApplicationTests using Java 21.0.7 with PID 406693 (started by mahdi in /home/mahdi/Projects/templates/exception_handing)
2025-08-24T05:08:49.751+03:30  INFO 406693 --- [           main] c.g.m.e.ExceptionHandingApplicationTests : No active profile set, falling back to 1 default profile: "default"
2025-08-24T05:08:50.370+03:30  INFO 406693 --- [           main] c.g.m.e.ExceptionHandingApplicationTests : Started ExceptionHandingApplicationTests in 0.776 seconds (process running for 1.227)
]]></system-out>
    <system-err><![CDATA[Mockito is currently self-attaching to enable the inline-mock-maker. This will no longer work in future releases of the JDK. Please add Mockito as an agent to your build as described in Mockito's documentation: https://javadoc.io/doc/org.mockito/mockito-core/latest/org.mockito/org/mockito/Mockito.html#0.3
WARNING: A Java agent has been loaded dynamically (/home/mahdi/.m2/repository/net/bytebuddy/byte-buddy-agent/1.17.7/byte-buddy-agent-1.17.7.jar)
WARNING: If a serviceability tool is in use, please run with -XX:+EnableDynamicAgentLoading to hide this warning
WARNING: If a serviceability tool is not in use, please run with -Djdk.instrument.traceUsage for more information
WARNING: Dynamic loading of agents will be disallowed by default in a future release
]]></system-err>
  </testcase>
</testsuite>